{"C:\\Users\\Lider\\Documents\\Cursos\\Modulo 7\\Testing\\index.js": {"path":"C:\\Users\\Lider\\Documents\\Cursos\\Modulo 7\\Testing\\index.js","statementMap":{"0":{"start":{"line":3,"column":12},"end":{"line":3,"column":21}},"1":{"start":{"line":6,"column":0},"end":{"line":6,"column":23}},"2":{"start":{"line":8,"column":0},"end":{"line":10,"column":2}},"3":{"start":{"line":9,"column":4},"end":{"line":9,"column":31}},"4":{"start":{"line":12,"column":0},"end":{"line":17,"column":2}},"5":{"start":{"line":13,"column":19},"end":{"line":13,"column":29}},"6":{"start":{"line":14,"column":17},"end":{"line":14,"column":44}},"7":{"start":{"line":14,"column":33},"end":{"line":14,"column":43}},"8":{"start":{"line":15,"column":4},"end":{"line":16,"column":83}},"9":{"start":{"line":15,"column":14},"end":{"line":15,"column":40}},"10":{"start":{"line":16,"column":9},"end":{"line":16,"column":83}},"11":{"start":{"line":19,"column":0},"end":{"line":28,"column":2}},"12":{"start":{"line":20,"column":17},"end":{"line":20,"column":25}},"13":{"start":{"line":21,"column":19},"end":{"line":21,"column":23}},"14":{"start":{"line":22,"column":33},"end":{"line":22,"column":60}},"15":{"start":{"line":22,"column":49},"end":{"line":22,"column":59}},"16":{"start":{"line":23,"column":4},"end":{"line":27,"column":5}},"17":{"start":{"line":23,"column":30},"end":{"line":23,"column":95}},"18":{"start":{"line":25,"column":8},"end":{"line":25,"column":24}},"19":{"start":{"line":26,"column":8},"end":{"line":26,"column":35}},"20":{"start":{"line":30,"column":0},"end":{"line":49,"column":3}},"21":{"start":{"line":31,"column":17},"end":{"line":31,"column":25}},"22":{"start":{"line":32,"column":19},"end":{"line":32,"column":29}},"23":{"start":{"line":33,"column":4},"end":{"line":38,"column":15}},"24":{"start":{"line":34,"column":8},"end":{"line":38,"column":15}},"25":{"start":{"line":40,"column":27},"end":{"line":40,"column":61}},"26":{"start":{"line":40,"column":50},"end":{"line":40,"column":60}},"27":{"start":{"line":41,"column":4},"end":{"line":48,"column":5}},"28":{"start":{"line":42,"column":8},"end":{"line":42,"column":37}},"29":{"start":{"line":43,"column":8},"end":{"line":43,"column":24}},"30":{"start":{"line":45,"column":8},"end":{"line":47,"column":72}},"31":{"start":{"line":51,"column":0},"end":{"line":66,"column":2}},"32":{"start":{"line":52,"column":16},"end":{"line":52,"column":43}},"33":{"start":{"line":53,"column":4},"end":{"line":65,"column":88}},"34":{"start":{"line":54,"column":23},"end":{"line":54,"column":33}},"35":{"start":{"line":55,"column":31},"end":{"line":55,"column":63}},"36":{"start":{"line":55,"column":52},"end":{"line":55,"column":62}},"37":{"start":{"line":57,"column":8},"end":{"line":63,"column":9}},"38":{"start":{"line":58,"column":12},"end":{"line":58,"column":43}},"39":{"start":{"line":59,"column":12},"end":{"line":59,"column":46}},"40":{"start":{"line":60,"column":12},"end":{"line":60,"column":27}},"41":{"start":{"line":62,"column":12},"end":{"line":62,"column":86}},"42":{"start":{"line":65,"column":11},"end":{"line":65,"column":88}},"43":{"start":{"line":68,"column":0},"end":{"line":70,"column":2}},"44":{"start":{"line":69,"column":4},"end":{"line":69,"column":80}},"45":{"start":{"line":72,"column":15},"end":{"line":74,"column":2}},"46":{"start":{"line":73,"column":4},"end":{"line":73,"column":29}}},"fnMap":{"0":{"name":"(anonymous_0)","decl":{"start":{"line":8,"column":18},"end":{"line":8,"column":19}},"loc":{"start":{"line":8,"column":32},"end":{"line":10,"column":1}},"line":8},"1":{"name":"(anonymous_1)","decl":{"start":{"line":12,"column":22},"end":{"line":12,"column":23}},"loc":{"start":{"line":12,"column":36},"end":{"line":17,"column":1}},"line":12},"2":{"name":"(anonymous_2)","decl":{"start":{"line":14,"column":28},"end":{"line":14,"column":29}},"loc":{"start":{"line":14,"column":33},"end":{"line":14,"column":43}},"line":14},"3":{"name":"(anonymous_3)","decl":{"start":{"line":19,"column":19},"end":{"line":19,"column":20}},"loc":{"start":{"line":19,"column":33},"end":{"line":28,"column":1}},"line":19},"4":{"name":"(anonymous_4)","decl":{"start":{"line":22,"column":44},"end":{"line":22,"column":45}},"loc":{"start":{"line":22,"column":49},"end":{"line":22,"column":59}},"line":22},"5":{"name":"(anonymous_5)","decl":{"start":{"line":30,"column":22},"end":{"line":30,"column":23}},"loc":{"start":{"line":30,"column":36},"end":{"line":49,"column":1}},"line":30},"6":{"name":"(anonymous_6)","decl":{"start":{"line":40,"column":43},"end":{"line":40,"column":44}},"loc":{"start":{"line":40,"column":50},"end":{"line":40,"column":60}},"line":40},"7":{"name":"(anonymous_7)","decl":{"start":{"line":51,"column":25},"end":{"line":51,"column":26}},"loc":{"start":{"line":51,"column":39},"end":{"line":66,"column":1}},"line":51},"8":{"name":"(anonymous_8)","decl":{"start":{"line":55,"column":47},"end":{"line":55,"column":48}},"loc":{"start":{"line":55,"column":52},"end":{"line":55,"column":62}},"line":55},"9":{"name":"(anonymous_9)","decl":{"start":{"line":68,"column":13},"end":{"line":68,"column":14}},"loc":{"start":{"line":68,"column":27},"end":{"line":70,"column":1}},"line":68},"10":{"name":"(anonymous_10)","decl":{"start":{"line":72,"column":32},"end":{"line":72,"column":33}},"loc":{"start":{"line":72,"column":38},"end":{"line":74,"column":1}},"line":72}},"branchMap":{"0":{"loc":{"start":{"line":15,"column":4},"end":{"line":16,"column":83}},"type":"if","locations":[{"start":{"line":15,"column":4},"end":{"line":16,"column":83}},{"start":{"line":16,"column":9},"end":{"line":16,"column":83}}],"line":15},"1":{"loc":{"start":{"line":23,"column":4},"end":{"line":27,"column":5}},"type":"if","locations":[{"start":{"line":23,"column":4},"end":{"line":27,"column":5}},{"start":{"line":24,"column":9},"end":{"line":27,"column":5}}],"line":23},"2":{"loc":{"start":{"line":33,"column":4},"end":{"line":38,"column":15}},"type":"if","locations":[{"start":{"line":33,"column":4},"end":{"line":38,"column":15}},{"start":{},"end":{}}],"line":33},"3":{"loc":{"start":{"line":41,"column":4},"end":{"line":48,"column":5}},"type":"if","locations":[{"start":{"line":41,"column":4},"end":{"line":48,"column":5}},{"start":{"line":44,"column":11},"end":{"line":48,"column":5}}],"line":41},"4":{"loc":{"start":{"line":53,"column":4},"end":{"line":65,"column":88}},"type":"if","locations":[{"start":{"line":53,"column":4},"end":{"line":65,"column":88}},{"start":{"line":65,"column":11},"end":{"line":65,"column":88}}],"line":53},"5":{"loc":{"start":{"line":57,"column":8},"end":{"line":63,"column":9}},"type":"if","locations":[{"start":{"line":57,"column":8},"end":{"line":63,"column":9}},{"start":{"line":61,"column":15},"end":{"line":63,"column":9}}],"line":57}},"s":{"0":0,"1":0,"2":0,"3":0,"4":0,"5":0,"6":0,"7":0,"8":0,"9":0,"10":0,"11":0,"12":0,"13":0,"14":0,"15":0,"16":0,"17":0,"18":0,"19":0,"20":0,"21":0,"22":0,"23":0,"24":0,"25":0,"26":0,"27":0,"28":0,"29":0,"30":0,"31":0,"32":0,"33":0,"34":0,"35":0,"36":0,"37":0,"38":0,"39":0,"40":0,"41":0,"42":0,"43":0,"44":0,"45":0,"46":0},"f":{"0":0,"1":0,"2":0,"3":0,"4":0,"5":0,"6":0,"7":0,"8":0,"9":0,"10":0},"b":{"0":[0,0],"1":[0,0],"2":[0,0],"3":[0,0],"4":[0,0],"5":[0,0]}}
}
